[28-Sep-2019 13:27:03 UTC] PHP Fatal error:  Uncaught Error: Call to undefined function bloginfo() in /Users/sekinosatoru/coding_workspace/Local Sites/kyoukasyo/app/public/wp-content/themes/pacific/index.php:10
Stack trace:
#0 {main}
  thrown in /Users/sekinosatoru/coding_workspace/Local Sites/kyoukasyo/app/public/wp-content/themes/pacific/index.php on line 10
[28-Sep-2019 13:27:06 UTC] PHP Fatal error:  Uncaught Error: Call to undefined function bloginfo() in /Users/sekinosatoru/coding_workspace/Local Sites/kyoukasyo/app/public/wp-content/themes/pacific/index.php:10
Stack trace:
#0 {main}
  thrown in /Users/sekinosatoru/coding_workspace/Local Sites/kyoukasyo/app/public/wp-content/themes/pacific/index.php on line 10
[28-Sep-2019 13:42:45 UTC] PHP Fatal error:  Uncaught Error: Call to undefined function wo_head() in /Users/sekinosatoru/coding_workspace/Local Sites/kyoukasyo/app/public/wp-content/themes/pacific/header.php:18
Stack trace:
#0 /Users/sekinosatoru/coding_workspace/Local Sites/kyoukasyo/app/public/wp-includes/template.php(722): require_once()
#1 /Users/sekinosatoru/coding_workspace/Local Sites/kyoukasyo/app/public/wp-includes/template.php(671): load_template('/Users/sekinosa...', true)
#2 /Users/sekinosatoru/coding_workspace/Local Sites/kyoukasyo/app/public/wp-includes/general-template.php(41): locate_template(Array, true)
#3 /Users/sekinosatoru/coding_workspace/Local Sites/kyoukasyo/app/public/wp-content/themes/pacific/index.php(1): get_header()
#4 /Users/sekinosatoru/coding_workspace/Local Sites/kyoukasyo/app/public/wp-includes/template-loader.php(78): include('/Users/sekinosa...')
#5 /Users/sekinosatoru/coding_workspace/Local Sites/kyoukasyo/app/public/wp-blog-header.php(19): require_once('/Users/sekinosa...')
#6 /Users/sekinosatoru/coding_workspace/Lo in /Users/sekinosatoru/coding_workspace/Local Sites/kyoukasyo/app/public/wp-content/themes/pacific/header.php on line 18
[28-Sep-2019 13:42:45 UTC] PHP Fatal error:  Uncaught Error: Call to undefined function wo_head() in /Users/sekinosatoru/coding_workspace/Local Sites/kyoukasyo/app/public/wp-content/themes/pacific/header.php:18
Stack trace:
#0 /Users/sekinosatoru/coding_workspace/Local Sites/kyoukasyo/app/public/wp-includes/template.php(722): require_once()
#1 /Users/sekinosatoru/coding_workspace/Local Sites/kyoukasyo/app/public/wp-includes/template.php(671): load_template('/Users/sekinosa...', true)
#2 /Users/sekinosatoru/coding_workspace/Local Sites/kyoukasyo/app/public/wp-includes/general-template.php(41): locate_template(Array, true)
#3 /Users/sekinosatoru/coding_workspace/Local Sites/kyoukasyo/app/public/wp-content/themes/pacific/index.php(1): get_header()
#4 /Users/sekinosatoru/coding_workspace/Local Sites/kyoukasyo/app/public/wp-includes/template-loader.php(78): include('/Users/sekinosa...')
#5 /Users/sekinosatoru/coding_workspace/Local Sites/kyoukasyo/app/public/wp-blog-header.php(19): require_once('/Users/sekinosa...')
#6 /Users/sekinosatoru/coding_workspace/Lo in /Users/sekinosatoru/coding_workspace/Local Sites/kyoukasyo/app/public/wp-content/themes/pacific/header.php on line 18
[29-Sep-2019 08:44:39 UTC] PHP Parse error:  syntax error, unexpected 'register_nav_menus' (T_STRING) in /Users/sekinosatoru/coding_workspace/Local Sites/kyoukasyo/app/public/wp-content/themes/pacific/functions.php on line 15
[29-Sep-2019 08:44:39 UTC] PHP Parse error:  syntax error, unexpected 'register_nav_menus' (T_STRING) in /Users/sekinosatoru/coding_workspace/Local Sites/kyoukasyo/app/public/wp-content/themes/pacific/functions.php on line 15
[29-Sep-2019 11:37:23 UTC] PHP Parse error:  syntax error, unexpected 'if' (T_IF) in /Users/sekinosatoru/coding_workspace/Local Sites/kyoukasyo/app/public/wp-content/themes/pacific/front-page.php on line 11
[29-Sep-2019 11:37:23 UTC] PHP Parse error:  syntax error, unexpected 'if' (T_IF) in /Users/sekinosatoru/coding_workspace/Local Sites/kyoukasyo/app/public/wp-content/themes/pacific/front-page.php on line 11
[29-Sep-2019 12:10:45 UTC] PHP Parse error:  syntax error, unexpected end of file in /Users/sekinosatoru/coding_workspace/Local Sites/kyoukasyo/app/public/wp-content/themes/pacific/sidebar-top.php on line 141
[29-Sep-2019 12:10:45 UTC] PHP Parse error:  syntax error, unexpected end of file in /Users/sekinosatoru/coding_workspace/Local Sites/kyoukasyo/app/public/wp-content/themes/pacific/sidebar-top.php on line 141
[05-Oct-2019 01:31:01 UTC] PHP Parse error:  syntax error, unexpected ':', expecting end of file in /Users/sekinosatoru/coding_workspace/Local Sites/kyoukasyo/app/public/wp-content/themes/pacific/functions.php on line 95
[05-Oct-2019 01:33:02 UTC] PHP Parse error:  syntax error, unexpected ':', expecting end of file in /Users/sekinosatoru/coding_workspace/Local Sites/kyoukasyo/app/public/wp-content/themes/pacific/functions.php on line 95
[05-Oct-2019 02:12:39 UTC] PHP Warning:  Use of undefined constant d - assumed 'd' (this will throw an Error in a future version of PHP) in /Users/sekinosatoru/coding_workspace/Local Sites/kyoukasyo/app/public/wp-content/themes/pacific/sidebar.php on line 17
[05-Oct-2019 02:12:39 UTC] PHP Stack trace:
[05-Oct-2019 02:12:39 UTC] PHP   1. {main}() /Users/sekinosatoru/coding_workspace/Local Sites/kyoukasyo/app/public/index.php:0
[05-Oct-2019 02:12:39 UTC] PHP   2. require() /Users/sekinosatoru/coding_workspace/Local Sites/kyoukasyo/app/public/index.php:17
[05-Oct-2019 02:12:39 UTC] PHP   3. require_once() /Users/sekinosatoru/coding_workspace/Local Sites/kyoukasyo/app/public/wp-blog-header.php:19
[05-Oct-2019 02:12:39 UTC] PHP   4. include() /Users/sekinosatoru/coding_workspace/Local Sites/kyoukasyo/app/public/wp-includes/template-loader.php:78
[05-Oct-2019 02:12:39 UTC] PHP   5. get_sidebar() /Users/sekinosatoru/coding_workspace/Local Sites/kyoukasyo/app/public/wp-content/themes/pacific/page.php:18
[05-Oct-2019 02:12:39 UTC] PHP   6. locate_template() /Users/sekinosatoru/coding_workspace/Local Sites/kyoukasyo/app/public/wp-includes/general-template.php:111
[05-Oct-2019 02:12:39 UTC] PHP   7. load_template() /Users/sekinosatoru/coding_workspace/Local Sites/kyoukasyo/app/public/wp-includes/template.php:671
[05-Oct-2019 02:12:39 UTC] PHP   8. require_once() /Users/sekinosatoru/coding_workspace/Local Sites/kyoukasyo/app/public/wp-includes/template.php:722
[05-Oct-2019 02:12:39 UTC] PHP Warning:  Use of undefined constant d - assumed 'd' (this will throw an Error in a future version of PHP) in /Users/sekinosatoru/coding_workspace/Local Sites/kyoukasyo/app/public/wp-content/themes/pacific/sidebar.php on line 17
[05-Oct-2019 02:12:39 UTC] PHP Stack trace:
[05-Oct-2019 02:12:39 UTC] PHP   1. {main}() /Users/sekinosatoru/coding_workspace/Local Sites/kyoukasyo/app/public/index.php:0
[05-Oct-2019 02:12:39 UTC] PHP   2. require() /Users/sekinosatoru/coding_workspace/Local Sites/kyoukasyo/app/public/index.php:17
[05-Oct-2019 02:12:39 UTC] PHP   3. require_once() /Users/sekinosatoru/coding_workspace/Local Sites/kyoukasyo/app/public/wp-blog-header.php:19
[05-Oct-2019 02:12:39 UTC] PHP   4. include() /Users/sekinosatoru/coding_workspace/Local Sites/kyoukasyo/app/public/wp-includes/template-loader.php:78
[05-Oct-2019 02:12:39 UTC] PHP   5. get_sidebar() /Users/sekinosatoru/coding_workspace/Local Sites/kyoukasyo/app/public/wp-content/themes/pacific/page.php:18
[05-Oct-2019 02:12:39 UTC] PHP   6. locate_template() /Users/sekinosatoru/coding_workspace/Local Sites/kyoukasyo/app/public/wp-includes/general-template.php:111
[05-Oct-2019 02:12:39 UTC] PHP   7. load_template() /Users/sekinosatoru/coding_workspace/Local Sites/kyoukasyo/app/public/wp-includes/template.php:671
[05-Oct-2019 02:12:39 UTC] PHP   8. require_once() /Users/sekinosatoru/coding_workspace/Local Sites/kyoukasyo/app/public/wp-includes/template.php:722
[05-Oct-2019 02:12:42 UTC] PHP Warning:  Use of undefined constant d - assumed 'd' (this will throw an Error in a future version of PHP) in /Users/sekinosatoru/coding_workspace/Local Sites/kyoukasyo/app/public/wp-content/themes/pacific/sidebar.php on line 17
[05-Oct-2019 02:12:42 UTC] PHP Stack trace:
[05-Oct-2019 02:12:42 UTC] PHP   1. {main}() /Users/sekinosatoru/coding_workspace/Local Sites/kyoukasyo/app/public/index.php:0
[05-Oct-2019 02:12:42 UTC] PHP   2. require() /Users/sekinosatoru/coding_workspace/Local Sites/kyoukasyo/app/public/index.php:17
[05-Oct-2019 02:12:42 UTC] PHP   3. require_once() /Users/sekinosatoru/coding_workspace/Local Sites/kyoukasyo/app/public/wp-blog-header.php:19
[05-Oct-2019 02:12:42 UTC] PHP   4. include() /Users/sekinosatoru/coding_workspace/Local Sites/kyoukasyo/app/public/wp-includes/template-loader.php:78
[05-Oct-2019 02:12:42 UTC] PHP   5. get_sidebar() /Users/sekinosatoru/coding_workspace/Local Sites/kyoukasyo/app/public/wp-content/themes/pacific/page.php:18
[05-Oct-2019 02:12:42 UTC] PHP   6. locate_template() /Users/sekinosatoru/coding_workspace/Local Sites/kyoukasyo/app/public/wp-includes/general-template.php:111
[05-Oct-2019 02:12:42 UTC] PHP   7. load_template() /Users/sekinosatoru/coding_workspace/Local Sites/kyoukasyo/app/public/wp-includes/template.php:671
[05-Oct-2019 02:12:42 UTC] PHP   8. require_once() /Users/sekinosatoru/coding_workspace/Local Sites/kyoukasyo/app/public/wp-includes/template.php:722
[05-Oct-2019 02:12:43 UTC] PHP Warning:  Use of undefined constant d - assumed 'd' (this will throw an Error in a future version of PHP) in /Users/sekinosatoru/coding_workspace/Local Sites/kyoukasyo/app/public/wp-content/themes/pacific/sidebar.php on line 17
[05-Oct-2019 02:12:43 UTC] PHP Stack trace:
[05-Oct-2019 02:12:43 UTC] PHP   1. {main}() /Users/sekinosatoru/coding_workspace/Local Sites/kyoukasyo/app/public/index.php:0
[05-Oct-2019 02:12:43 UTC] PHP   2. require() /Users/sekinosatoru/coding_workspace/Local Sites/kyoukasyo/app/public/index.php:17
[05-Oct-2019 02:12:43 UTC] PHP   3. require_once() /Users/sekinosatoru/coding_workspace/Local Sites/kyoukasyo/app/public/wp-blog-header.php:19
[05-Oct-2019 02:12:43 UTC] PHP   4. include() /Users/sekinosatoru/coding_workspace/Local Sites/kyoukasyo/app/public/wp-includes/template-loader.php:78
[05-Oct-2019 02:12:43 UTC] PHP   5. get_sidebar() /Users/sekinosatoru/coding_workspace/Local Sites/kyoukasyo/app/public/wp-content/themes/pacific/page.php:18
[05-Oct-2019 02:12:43 UTC] PHP   6. locate_template() /Users/sekinosatoru/coding_workspace/Local Sites/kyoukasyo/app/public/wp-includes/general-template.php:111
[05-Oct-2019 02:12:43 UTC] PHP   7. load_template() /Users/sekinosatoru/coding_workspace/Local Sites/kyoukasyo/app/public/wp-includes/template.php:671
[05-Oct-2019 02:12:43 UTC] PHP   8. require_once() /Users/sekinosatoru/coding_workspace/Local Sites/kyoukasyo/app/public/wp-includes/template.php:722
[05-Oct-2019 02:12:43 UTC] PHP Warning:  Use of undefined constant d - assumed 'd' (this will throw an Error in a future version of PHP) in /Users/sekinosatoru/coding_workspace/Local Sites/kyoukasyo/app/public/wp-content/themes/pacific/sidebar.php on line 17
[05-Oct-2019 02:12:43 UTC] PHP Stack trace:
[05-Oct-2019 02:12:43 UTC] PHP   1. {main}() /Users/sekinosatoru/coding_workspace/Local Sites/kyoukasyo/app/public/index.php:0
[05-Oct-2019 02:12:43 UTC] PHP   2. require() /Users/sekinosatoru/coding_workspace/Local Sites/kyoukasyo/app/public/index.php:17
[05-Oct-2019 02:12:43 UTC] PHP   3. require_once() /Users/sekinosatoru/coding_workspace/Local Sites/kyoukasyo/app/public/wp-blog-header.php:19
[05-Oct-2019 02:12:43 UTC] PHP   4. include() /Users/sekinosatoru/coding_workspace/Local Sites/kyoukasyo/app/public/wp-includes/template-loader.php:78
[05-Oct-2019 02:12:43 UTC] PHP   5. get_sidebar() /Users/sekinosatoru/coding_workspace/Local Sites/kyoukasyo/app/public/wp-content/themes/pacific/page.php:18
[05-Oct-2019 02:12:43 UTC] PHP   6. locate_template() /Users/sekinosatoru/coding_workspace/Local Sites/kyoukasyo/app/public/wp-includes/general-template.php:111
[05-Oct-2019 02:12:43 UTC] PHP   7. load_template() /Users/sekinosatoru/coding_workspace/Local Sites/kyoukasyo/app/public/wp-includes/template.php:671
[05-Oct-2019 02:12:43 UTC] PHP   8. require_once() /Users/sekinosatoru/coding_workspace/Local Sites/kyoukasyo/app/public/wp-includes/template.php:722
[05-Oct-2019 02:12:44 UTC] PHP Warning:  Use of undefined constant d - assumed 'd' (this will throw an Error in a future version of PHP) in /Users/sekinosatoru/coding_workspace/Local Sites/kyoukasyo/app/public/wp-content/themes/pacific/sidebar.php on line 17
[05-Oct-2019 02:12:44 UTC] PHP Stack trace:
[05-Oct-2019 02:12:44 UTC] PHP   1. {main}() /Users/sekinosatoru/coding_workspace/Local Sites/kyoukasyo/app/public/index.php:0
[05-Oct-2019 02:12:44 UTC] PHP   2. require() /Users/sekinosatoru/coding_workspace/Local Sites/kyoukasyo/app/public/index.php:17
[05-Oct-2019 02:12:44 UTC] PHP   3. require_once() /Users/sekinosatoru/coding_workspace/Local Sites/kyoukasyo/app/public/wp-blog-header.php:19
[05-Oct-2019 02:12:44 UTC] PHP   4. include() /Users/sekinosatoru/coding_workspace/Local Sites/kyoukasyo/app/public/wp-includes/template-loader.php:78
[05-Oct-2019 02:12:44 UTC] PHP   5. get_sidebar() /Users/sekinosatoru/coding_workspace/Local Sites/kyoukasyo/app/public/wp-content/themes/pacific/page.php:18
[05-Oct-2019 02:12:44 UTC] PHP   6. locate_template() /Users/sekinosatoru/coding_workspace/Local Sites/kyoukasyo/app/public/wp-includes/general-template.php:111
[05-Oct-2019 02:12:44 UTC] PHP   7. load_template() /Users/sekinosatoru/coding_workspace/Local Sites/kyoukasyo/app/public/wp-includes/template.php:671
[05-Oct-2019 02:12:44 UTC] PHP   8. require_once() /Users/sekinosatoru/coding_workspace/Local Sites/kyoukasyo/app/public/wp-includes/template.php:722
[05-Oct-2019 02:44:32 UTC] PHP Parse error:  syntax error, unexpected '}' in /Users/sekinosatoru/coding_workspace/Local Sites/kyoukasyo/app/public/wp-content/themes/pacific/functions.php on line 116
[05-Oct-2019 02:46:33 UTC] PHP Parse error:  syntax error, unexpected '}' in /Users/sekinosatoru/coding_workspace/Local Sites/kyoukasyo/app/public/wp-content/themes/pacific/functions.php on line 116
[05-Oct-2019 02:48:34 UTC] PHP Parse error:  syntax error, unexpected '}' in /Users/sekinosatoru/coding_workspace/Local Sites/kyoukasyo/app/public/wp-content/themes/pacific/functions.php on line 116
[05-Oct-2019 02:50:34 UTC] PHP Parse error:  syntax error, unexpected '}' in /Users/sekinosatoru/coding_workspace/Local Sites/kyoukasyo/app/public/wp-content/themes/pacific/functions.php on line 116
[05-Oct-2019 02:50:36 UTC] PHP Parse error:  syntax error, unexpected '}' in /Users/sekinosatoru/coding_workspace/Local Sites/kyoukasyo/app/public/wp-content/themes/pacific/functions.php on line 116
[05-Oct-2019 02:50:36 UTC] PHP Parse error:  syntax error, unexpected '}' in /Users/sekinosatoru/coding_workspace/Local Sites/kyoukasyo/app/public/wp-content/themes/pacific/functions.php on line 116
[05-Oct-2019 05:41:23 UTC] PHP Fatal error:  Uncaught Error: Call to undefined function wp_titile() in /Users/sekinosatoru/coding_workspace/Local Sites/kyoukasyo/app/public/wp-content/themes/pacific/header.php:10
Stack trace:
#0 /Users/sekinosatoru/coding_workspace/Local Sites/kyoukasyo/app/public/wp-includes/template.php(722): require_once()
#1 /Users/sekinosatoru/coding_workspace/Local Sites/kyoukasyo/app/public/wp-includes/template.php(671): load_template('/Users/sekinosa...', true)
#2 /Users/sekinosatoru/coding_workspace/Local Sites/kyoukasyo/app/public/wp-includes/general-template.php(41): locate_template(Array, true)
#3 /Users/sekinosatoru/coding_workspace/Local Sites/kyoukasyo/app/public/wp-content/themes/pacific/search.php(1): get_header()
#4 /Users/sekinosatoru/coding_workspace/Local Sites/kyoukasyo/app/public/wp-includes/template-loader.php(78): include('/Users/sekinosa...')
#5 /Users/sekinosatoru/coding_workspace/Local Sites/kyoukasyo/app/public/wp-blog-header.php(19): require_once('/Users/sekinosa...')
#6 /Users/sekinosatoru/coding_workspace in /Users/sekinosatoru/coding_workspace/Local Sites/kyoukasyo/app/public/wp-content/themes/pacific/header.php on line 10
[05-Oct-2019 05:41:23 UTC] PHP Fatal error:  Uncaught Error: Call to undefined function wp_titile() in /Users/sekinosatoru/coding_workspace/Local Sites/kyoukasyo/app/public/wp-content/themes/pacific/header.php:10
Stack trace:
#0 /Users/sekinosatoru/coding_workspace/Local Sites/kyoukasyo/app/public/wp-includes/template.php(722): require_once()
#1 /Users/sekinosatoru/coding_workspace/Local Sites/kyoukasyo/app/public/wp-includes/template.php(671): load_template('/Users/sekinosa...', true)
#2 /Users/sekinosatoru/coding_workspace/Local Sites/kyoukasyo/app/public/wp-includes/general-template.php(41): locate_template(Array, true)
#3 /Users/sekinosatoru/coding_workspace/Local Sites/kyoukasyo/app/public/wp-content/themes/pacific/search.php(1): get_header()
#4 /Users/sekinosatoru/coding_workspace/Local Sites/kyoukasyo/app/public/wp-includes/template-loader.php(78): include('/Users/sekinosa...')
#5 /Users/sekinosatoru/coding_workspace/Local Sites/kyoukasyo/app/public/wp-blog-header.php(19): require_once('/Users/sekinosa...')
#6 /Users/sekinosatoru/coding_workspace in /Users/sekinosatoru/coding_workspace/Local Sites/kyoukasyo/app/public/wp-content/themes/pacific/header.php on line 10
[05-Oct-2019 05:41:37 UTC] PHP Fatal error:  Uncaught Error: Call to undefined function wp_titile() in /Users/sekinosatoru/coding_workspace/Local Sites/kyoukasyo/app/public/wp-content/themes/pacific/header.php:10
Stack trace:
#0 /Users/sekinosatoru/coding_workspace/Local Sites/kyoukasyo/app/public/wp-includes/template.php(722): require_once()
#1 /Users/sekinosatoru/coding_workspace/Local Sites/kyoukasyo/app/public/wp-includes/template.php(671): load_template('/Users/sekinosa...', true)
#2 /Users/sekinosatoru/coding_workspace/Local Sites/kyoukasyo/app/public/wp-includes/general-template.php(41): locate_template(Array, true)
#3 /Users/sekinosatoru/coding_workspace/Local Sites/kyoukasyo/app/public/wp-content/themes/pacific/search.php(1): get_header()
#4 /Users/sekinosatoru/coding_workspace/Local Sites/kyoukasyo/app/public/wp-includes/template-loader.php(78): include('/Users/sekinosa...')
#5 /Users/sekinosatoru/coding_workspace/Local Sites/kyoukasyo/app/public/wp-blog-header.php(19): require_once('/Users/sekinosa...')
#6 /Users/sekinosatoru/coding_workspace in /Users/sekinosatoru/coding_workspace/Local Sites/kyoukasyo/app/public/wp-content/themes/pacific/header.php on line 10
[05-Oct-2019 05:41:37 UTC] PHP Fatal error:  Uncaught Error: Call to undefined function wp_titile() in /Users/sekinosatoru/coding_workspace/Local Sites/kyoukasyo/app/public/wp-content/themes/pacific/header.php:10
Stack trace:
#0 /Users/sekinosatoru/coding_workspace/Local Sites/kyoukasyo/app/public/wp-includes/template.php(722): require_once()
#1 /Users/sekinosatoru/coding_workspace/Local Sites/kyoukasyo/app/public/wp-includes/template.php(671): load_template('/Users/sekinosa...', true)
#2 /Users/sekinosatoru/coding_workspace/Local Sites/kyoukasyo/app/public/wp-includes/general-template.php(41): locate_template(Array, true)
#3 /Users/sekinosatoru/coding_workspace/Local Sites/kyoukasyo/app/public/wp-content/themes/pacific/search.php(1): get_header()
#4 /Users/sekinosatoru/coding_workspace/Local Sites/kyoukasyo/app/public/wp-includes/template-loader.php(78): include('/Users/sekinosa...')
#5 /Users/sekinosatoru/coding_workspace/Local Sites/kyoukasyo/app/public/wp-blog-header.php(19): require_once('/Users/sekinosa...')
#6 /Users/sekinosatoru/coding_workspace in /Users/sekinosatoru/coding_workspace/Local Sites/kyoukasyo/app/public/wp-content/themes/pacific/header.php on line 10
[05-Oct-2019 05:42:51 UTC] PHP Fatal error:  Uncaught Error: Call to undefined function wp_titile() in /Users/sekinosatoru/coding_workspace/Local Sites/kyoukasyo/app/public/wp-content/themes/pacific/header.php:10
Stack trace:
#0 /Users/sekinosatoru/coding_workspace/Local Sites/kyoukasyo/app/public/wp-includes/template.php(722): require_once()
#1 /Users/sekinosatoru/coding_workspace/Local Sites/kyoukasyo/app/public/wp-includes/template.php(671): load_template('/Users/sekinosa...', true)
#2 /Users/sekinosatoru/coding_workspace/Local Sites/kyoukasyo/app/public/wp-includes/general-template.php(41): locate_template(Array, true)
#3 /Users/sekinosatoru/coding_workspace/Local Sites/kyoukasyo/app/public/wp-content/themes/pacific/search.php(1): get_header()
#4 /Users/sekinosatoru/coding_workspace/Local Sites/kyoukasyo/app/public/wp-includes/template-loader.php(78): include('/Users/sekinosa...')
#5 /Users/sekinosatoru/coding_workspace/Local Sites/kyoukasyo/app/public/wp-blog-header.php(19): require_once('/Users/sekinosa...')
#6 /Users/sekinosatoru/coding_workspace in /Users/sekinosatoru/coding_workspace/Local Sites/kyoukasyo/app/public/wp-content/themes/pacific/header.php on line 10
[05-Oct-2019 05:42:52 UTC] PHP Fatal error:  Uncaught Error: Call to undefined function wp_titile() in /Users/sekinosatoru/coding_workspace/Local Sites/kyoukasyo/app/public/wp-content/themes/pacific/header.php:10
Stack trace:
#0 /Users/sekinosatoru/coding_workspace/Local Sites/kyoukasyo/app/public/wp-includes/template.php(722): require_once()
#1 /Users/sekinosatoru/coding_workspace/Local Sites/kyoukasyo/app/public/wp-includes/template.php(671): load_template('/Users/sekinosa...', true)
#2 /Users/sekinosatoru/coding_workspace/Local Sites/kyoukasyo/app/public/wp-includes/general-template.php(41): locate_template(Array, true)
#3 /Users/sekinosatoru/coding_workspace/Local Sites/kyoukasyo/app/public/wp-content/themes/pacific/search.php(1): get_header()
#4 /Users/sekinosatoru/coding_workspace/Local Sites/kyoukasyo/app/public/wp-includes/template-loader.php(78): include('/Users/sekinosa...')
#5 /Users/sekinosatoru/coding_workspace/Local Sites/kyoukasyo/app/public/wp-blog-header.php(19): require_once('/Users/sekinosa...')
#6 /Users/sekinosatoru/coding_workspace in /Users/sekinosatoru/coding_workspace/Local Sites/kyoukasyo/app/public/wp-content/themes/pacific/header.php on line 10
